2024-01-10 05:23:27,959 - Suggested Action: This is a positive response action.
2024-01-10 05:23:36,232 - Suggested Action: This is a negative response action.
2024-01-10 05:23:54,228 - Suggested Action: Unable to determine sentiment.
2024-01-10 05:23:59,761 - Suggested Action: Unable to determine sentiment.
2024-01-10 05:24:20,528 - Suggested Action: Unable to determine sentiment.
2024-01-10 05:25:06,864 - Suggested Action: Unable to determine sentiment.
2024-01-10 05:36:07,300 - Suggested Action: Unable to determine sentiment.
2024-01-10 05:36:59,097 - Suggested Action: Unable to determine sentiment.
2024-01-10 05:37:01,950 - Suggested Action: Unable to determine sentiment.
2024-01-10 05:37:40,162 - Suggested Action: Unable to determine sentiment.
2024-01-10 05:40:19,840 - Suggested Action: Unable to determine sentiment.
2024-01-10 05:54:28,434 - Suggested Action: Sentiment is neutral. Noted but no action taken.
2024-01-10 06:03:22,423 - Suggested Action: Unable to determine sentiment.
2024-01-10 06:07:47,837 - Suggested Action: This is a neutral response.
2024-01-10 06:11:41,455 - Suggested Action: This is a neutral response.
2024-01-10 06:14:00,840 - Suggested Action: This is a neutral response.
2024-01-10 06:18:07,706 - Suggested Action: This is a neutral response.
2024-01-10 06:18:17,234 - Suggested Action: This is a neutral response.
2024-01-10 06:31:42,457 - Suggested Action: This is a neutral response.
2024-01-10 06:35:23,225 - Swear word detected: shit
2024-01-10 06:39:27,307 - Suggested Action: This is a neutral response.
2024-01-10 06:40:39,600 - Suggested Action: This is a neutral response.
2024-01-10 06:50:16,614 - Swear word detected: shit
2024-01-10 06:53:49,911 - Swear word detected: shit
2024-01-10 06:54:16,001 - Swear word detected: its snowing outside damn it
2024-01-10 07:02:41,663 - Swear word detected: shit
2024-01-10 07:03:05,598 - Swear word detected: its snowing out damn it
2024-01-10 07:03:54,701 - Suggested Action: This is a neutral response.
2024-01-10 07:05:59,420 - Suggested Action: This is a neutral response.
2024-01-10 07:15:17,692 - Neutral or undetermined sentiment detected.
2024-01-10 07:16:48,251 - Swear word detected: hello shit
2024-01-10 07:17:32,634 - Swear word detected: listen here shit head
2024-01-10 07:17:44,350 - Swear word detected: hello shit
2024-01-10 07:22:04,691 - Swear word detected: hello shit head
2024-01-10 07:29:41,346 - Swear word detected: shit
2024-01-10 07:29:43,808 - Swear word detected: shit
2024-01-10 07:30:45,732 - Swear word detected: shit
2024-01-10 07:31:13,734 - Neutral or undetermined sentiment detected.
2024-01-10 07:32:23,417 - Neutral or undetermined sentiment detected.
2024-01-10 07:39:49,394 - Neutral or undetermined sentiment detected.
2024-01-10 08:35:19,331 - Swear word detected: shit
2024-01-10 08:35:32,341 - Swear word detected: damn it boy 
2024-01-10 08:35:45,627 - Swear word detected: drink that shit man
2024-01-10 08:47:00,489 - Swear word detected: shit
2024-01-11 02:11:36,355 - User indicated positive sentiment: User indicated positive sentiment.
2024-01-11 04:05:16,844 - Learned phrase detected: 'hello' with a positive sentiment.
2024-01-11 04:05:34,371 - Learned phrase detected: 'hello' with a positive sentiment.
2024-01-11 04:06:13,912 - Learned phrase detected: 'hello' with a positive sentiment.
2024-01-11 04:09:12,484 - Learned phrase detected: 'hello' with a positive sentiment.
2024-01-11 04:09:47,907 - Learned phrase detected: 'want to get some eyes?' with a positive sentiment.
